<?xml version="1.0" encoding="UTF-8"?>
<testng-results skipped="0" failed="0" total="2" passed="2">
  <reporter-output>
  </reporter-output>
  <suite name="Suite" duration-ms="84" started-at="2018-11-07T14:49:11Z" finished-at="2018-11-07T14:49:11Z">
    <groups>
      <group name="group2">
        <method signature="dependentTestByGroups.testMethodByGroup2()[pri:0, instance:Test.dependentTestByGroups@27c20538]" name="testMethodByGroup2" class="Test.dependentTestByGroups"/>
      </group> <!-- group2 -->
      <group name="group1">
        <method signature="dependentTestByGroups.testMethodByGroup1()[pri:0, instance:Test.dependentTestByGroups@27c20538]" name="testMethodByGroup1" class="Test.dependentTestByGroups"/>
      </group> <!-- group1 -->
    </groups>
    <test name="Test" duration-ms="84" started-at="2018-11-07T14:49:11Z" finished-at="2018-11-07T14:49:11Z">
      <class name="Test.dependentTestByGroups">
        <test-method status="PASS" signature="testMethodByGroup2()[pri:0, instance:Test.dependentTestByGroups@27c20538]" name="testMethodByGroup2" duration-ms="15" started-at="2018-11-07T20:19:11Z" finished-at="2018-11-07T20:19:11Z">
          <reporter-output>
          </reporter-output>
        </test-method> <!-- testMethodByGroup2 -->
        <test-method status="PASS" signature="testMethodByGroup1()[pri:0, instance:Test.dependentTestByGroups@27c20538]" name="testMethodByGroup1" duration-ms="0" depends-on-groups="group2" started-at="2018-11-07T20:19:11Z" finished-at="2018-11-07T20:19:11Z">
          <reporter-output>
          </reporter-output>
        </test-method> <!-- testMethodByGroup1 -->
      </class> <!-- Test.dependentTestByGroups -->
    </test> <!-- Test -->
  </suite> <!-- Suite -->
</testng-results>
